<?xml version="1.0" encoding="UTF-8"?>
<!-- Generated by org.testng.reporters.JUnitXMLReporter -->
<testsuite ignored="1" hostname="DESKTOP-GGQ6OF8" failures="0" tests="1" name="Default test" time="7.746" errors="0" timestamp="2024-11-18T22:33:05 IST">
  <testcase classname="com.DEMOQA.Testlayer.Textbox" name="verifycheckbox" time="0.504"/>
  <testcase classname="com.DEMOQA.Testlayer.Textbox" name="verifytextboxtest" time="0.0">
    <ignored/>
  </testcase> <!-- verifytextboxtest -->
</testsuite> <!-- Default test -->
