<?xml version="1.0" encoding="UTF-8"?>
<!-- Generated by org.testng.reporters.JUnitXMLReporter -->
<testsuite ignored="2" hostname="DESKTOP-GGQ6OF8" failures="0" tests="1" name="Default test" time="8.947" errors="0" timestamp="2024-11-18T22:49:02 IST">
  <testcase classname="com.DEMOQA.Testlayer.Textbox" name="verifyradiobutton" time="0.597"/>
  <testcase classname="com.DEMOQA.Testlayer.Textbox" name="verifytextboxtest" time="0.0">
    <ignored/>
  </testcase> <!-- verifytextboxtest -->
  <testcase classname="com.DEMOQA.Testlayer.Textbox" name="verifycheckbox" time="0.0">
    <ignored/>
  </testcase> <!-- verifycheckbox -->
</testsuite> <!-- Default test -->
