<?xml version="1.0" encoding="UTF-8"?>
<!-- Generated by org.testng.reporters.JUnitXMLReporter -->
<testsuite ignored="0" hostname="DESKTOP-GGQ6OF8" failures="1" tests="1" name="Test" time="8.829" errors="0" timestamp="2024-11-30T21:12:44 IST">
  <testcase classname="com.DEMOQA.Testlayer.Textbox" name="verifytextboxtest" time="0.006">
    <failure type="java.lang.Error" message="Unresolved compilation problem: 
	The method clickonelements() is undefined for the type Homepage
">
      <![CDATA[java.lang.Error: Unresolved compilation problem: 
The method clickonelements() is undefined for the type Homepage

at com.DEMOQA.Testlayer.Textbox.verifytextboxtest(Textbox.java:18)
at java.base/java.util.ArrayList.forEach(ArrayList.java:1511)
... Removed 27 stack frames]]>
    </failure>
  </testcase> <!-- verifytextboxtest -->
</testsuite> <!-- Test -->
