<?xml version="1.0" encoding="UTF-8"?>
<testng-results ignored="0" total="1" passed="1" failed="0" skipped="0">
  <reporter-output>
  </reporter-output>
  <suite started-at="2024-11-18T22:32:57 IST" name="Default suite" finished-at="2024-11-18T22:33:05 IST" duration-ms="7746">
    <groups>
    </groups>
    <test started-at="2024-11-18T22:32:57 IST" name="Default test" finished-at="2024-11-18T22:33:05 IST" duration-ms="7746">
      <class name="com.DEMOQA.Testlayer.Textbox">
        <test-method is-config="true" signature="setup()[pri:0, instance:com.DEMOQA.Testlayer.Textbox@313ac989]" started-at="2024-11-18T22:32:57 IST" name="setup" finished-at="2024-11-18T22:32:57 IST" duration-ms="114" status="PASS">
          <reporter-output>
          </reporter-output>
        </test-method> <!-- setup -->
        <test-method is-config="true" signature="start()[pri:0, instance:com.DEMOQA.Testlayer.Textbox@313ac989]" started-at="2024-11-18T22:32:57 IST" name="start" finished-at="2024-11-18T22:33:04 IST" duration-ms="7090" status="PASS">
          <reporter-output>
          </reporter-output>
        </test-method> <!-- start -->
        <test-method signature="verifycheckbox()[pri:0, instance:com.DEMOQA.Testlayer.Textbox@313ac989]" started-at="2024-11-18T22:33:04 IST" name="verifycheckbox" finished-at="2024-11-18T22:33:05 IST" duration-ms="504" status="PASS">
          <reporter-output>
          </reporter-output>
        </test-method> <!-- verifycheckbox -->
        <test-method is-config="true" signature="end()[pri:0, instance:com.DEMOQA.Testlayer.Textbox@313ac989]" started-at="2024-11-18T22:33:05 IST" name="end" finished-at="2024-11-18T22:33:05 IST" duration-ms="0" status="PASS">
          <reporter-output>
          </reporter-output>
        </test-method> <!-- end -->
        <test-method is-config="true" signature="stop()[pri:0, instance:com.DEMOQA.Testlayer.Textbox@313ac989]" started-at="2024-11-18T22:33:05 IST" name="stop" finished-at="2024-11-18T22:33:05 IST" duration-ms="1" status="PASS">
          <reporter-output>
          </reporter-output>
        </test-method> <!-- stop -->
      </class> <!-- com.DEMOQA.Testlayer.Textbox -->
    </test> <!-- Default test -->
  </suite> <!-- Default suite -->
</testng-results>
