<?xml version="1.0" encoding="UTF-8"?>
<testng-results ignored="0" total="1" passed="1" failed="0" skipped="0">
  <reporter-output>
  </reporter-output>
  <suite started-at="2024-11-18T23:01:27 IST" name="Default suite" finished-at="2024-11-18T23:01:37 IST" duration-ms="9546">
    <groups>
    </groups>
    <test started-at="2024-11-18T23:01:27 IST" name="Default test" finished-at="2024-11-18T23:01:37 IST" duration-ms="9546">
      <class name="com.DEMOQA.Testlayer.Textbox">
        <test-method is-config="true" signature="setup()[pri:0, instance:com.DEMOQA.Testlayer.Textbox@2a65fe7c]" started-at="2024-11-18T23:01:27 IST" name="setup" finished-at="2024-11-18T23:01:28 IST" duration-ms="119" status="PASS">
          <reporter-output>
          </reporter-output>
        </test-method> <!-- setup -->
        <test-method is-config="true" signature="start()[pri:0, instance:com.DEMOQA.Testlayer.Textbox@2a65fe7c]" started-at="2024-11-18T23:01:28 IST" name="start" finished-at="2024-11-18T23:01:36 IST" duration-ms="8871" status="PASS">
          <reporter-output>
          </reporter-output>
        </test-method> <!-- start -->
        <test-method signature="verifybuttons()[pri:0, instance:com.DEMOQA.Testlayer.Textbox@2a65fe7c]" started-at="2024-11-18T23:01:36 IST" name="verifybuttons" finished-at="2024-11-18T23:01:37 IST" duration-ms="516" status="PASS">
          <reporter-output>
          </reporter-output>
        </test-method> <!-- verifybuttons -->
        <test-method is-config="true" signature="end()[pri:0, instance:com.DEMOQA.Testlayer.Textbox@2a65fe7c]" started-at="2024-11-18T23:01:37 IST" name="end" finished-at="2024-11-18T23:01:37 IST" duration-ms="1" status="PASS">
          <reporter-output>
          </reporter-output>
        </test-method> <!-- end -->
        <test-method is-config="true" signature="stop()[pri:0, instance:com.DEMOQA.Testlayer.Textbox@2a65fe7c]" started-at="2024-11-18T23:01:37 IST" name="stop" finished-at="2024-11-18T23:01:37 IST" duration-ms="1" status="PASS">
          <reporter-output>
          </reporter-output>
        </test-method> <!-- stop -->
      </class> <!-- com.DEMOQA.Testlayer.Textbox -->
    </test> <!-- Default test -->
  </suite> <!-- Default suite -->
</testng-results>
